<?xml version="1.0" encoding="UTF-8"?>
<testng-results skipped="0" failed="0" ignored="0" total="1" passed="1">
  <reporter-output>
    <line>
      <![CDATA[hello]]>
    </line>
  </reporter-output>
  <suite name="Default suite" duration-ms="71" started-at="2017-07-06T19:47:36Z" finished-at="2017-07-06T19:47:36Z">
    <groups>
    </groups>
    <test name="Default test" duration-ms="71" started-at="2017-07-06T19:47:36Z" finished-at="2017-07-06T19:47:36Z">
      <class name="fan.MotoFan">
        <test-method status="PASS" signature="TestA()[pri:0, instance:fan.MotoFan@5d5eef3d]" name="TestA" duration-ms="23" started-at="2017-07-07T01:17:36Z" finished-at="2017-07-07T01:17:36Z">
          <reporter-output>
            <line>
              <![CDATA[hello]]>
            </line>
          </reporter-output>
        </test-method> <!-- TestA -->
      </class> <!-- fan.MotoFan -->
    </test> <!-- Default test -->
  </suite> <!-- Default suite -->
</testng-results>
